0 info it worked if it ends with ok
1 verbose cli [ '/usr/local/bin/node', '/usr/local/bin/npm', 'run', 'dev' ]
2 info using npm@2.7.1
3 info using node@v5.4.1
4 verbose run-script [ 'predev', 'dev', 'postdev' ]
5 info predev react-es6@1.0.0
6 info dev react-es6@1.0.0
7 verbose unsafe-perm in lifecycle true
8 info react-es6@1.0.0 Failed to exec dev script
9 verbose stack Error: react-es6@1.0.0 dev: `webpack-dev-server --hot --inline --port 8888 && `
9 verbose stack Exit status 2
9 verbose stack     at EventEmitter.<anonymous> (/usr/local/lib/node_modules/npm/lib/utils/lifecycle.js:213:16)
9 verbose stack     at emitTwo (events.js:87:13)
9 verbose stack     at EventEmitter.emit (events.js:172:7)
9 verbose stack     at ChildProcess.<anonymous> (/usr/local/lib/node_modules/npm/lib/utils/spawn.js:14:12)
9 verbose stack     at emitTwo (events.js:87:13)
9 verbose stack     at ChildProcess.emit (events.js:172:7)
9 verbose stack     at maybeClose (internal/child_process.js:821:16)
9 verbose stack     at Process.ChildProcess._handle.onexit (internal/child_process.js:211:5)
10 verbose pkgid react-es6@1.0.0
11 verbose cwd /Users/ann/Documents/Netease/react/react-es6
12 error Darwin 14.1.0
13 error argv "/usr/local/bin/node" "/usr/local/bin/npm" "run" "dev"
14 error node v5.4.1
15 error npm  v2.7.1
16 error code ELIFECYCLE
17 error react-es6@1.0.0 dev: `webpack-dev-server --hot --inline --port 8888 && `
17 error Exit status 2
18 error Failed at the react-es6@1.0.0 dev script 'webpack-dev-server --hot --inline --port 8888 && '.
18 error This is most likely a problem with the react-es6 package,
18 error not with npm itself.
18 error Tell the author that this fails on your system:
18 error     webpack-dev-server --hot --inline --port 8888 &&
18 error You can get their info via:
18 error     npm owner ls react-es6
18 error There is likely additional logging output above.
19 verbose exit [ 1, true ]
